2024-02-26 10:22:53,883 [INFO ] [OtpRequestProcessor.java:306] - Get Schema Name in Class Name:OtpRequestProcessor Method Name:persisRequest AC Code:STGCEG0001--SA Code:DBT30OCT2018100020--SchemaName:dept_krdh_02Txn:ba292a26-9735-489c-a960-1192736d5ec4
2024-02-26 10:22:53,913 [INFO ] [OtpRequestProcessor.java:428] - OTP Request Signed Succesfully by Crypto-Service
2024-02-26 10:22:54,544 [INFO ] [OtpRequestProcessor.java:560] - OTP Response returned in Class Name:OTPRequestProcessor:: Txn:ba292a26-9735-489c-a960-1192736d5ec4SA Code:DBT30OCT2018100020Mac-ID:00-50-56-80-BF-5BStatus:yErrorCode:null
2024-02-26 10:46:30,465 [INFO ] [OtpRequestProcessor.java:306] - Get Schema Name in Class Name:OtpRequestProcessor Method Name:persisRequest AC Code:STGCEG0001--SA Code:SEV24MAY2018100017--SchemaName:dept_krdh_02Txn:0080e34e-73c9-4553-9e44-4f6251e894a2
2024-02-26 10:46:30,485 [INFO ] [OtpRequestProcessor.java:428] - OTP Request Signed Succesfully by Crypto-Service
2024-02-26 10:46:30,614 [INFO ] [OtpRequestProcessor.java:560] - OTP Response returned in Class Name:OTPRequestProcessor:: Txn:0080e34e-73c9-4553-9e44-4f6251e894a2SA Code:SEV24MAY2018100017Mac-ID:00-50-56-80-BF-5BStatus:yErrorCode:null
2024-02-26 10:46:54,419 [INFO ] [KycRequestProcessor.java:506] - Get Schema Name in Class Name:KycRequestProcessor Method Name:persisRequest for AC Code:--STGCEG0001--SA Code:SEV24MAY2018100017--SchemaName:--dept_krdh_02--Txn:--UKC:0080e34e-73c9-4553-9e44-4f6251e894a2
2024-02-26 10:46:54,438 [INFO ] [KycRequestProcessor.java:636] - KYC Request Signed Succesfully by Crypto-Service
2024-02-26 10:46:55,341 [INFO ] [KycRequestProcessor.java:869] - KYC Response decrypted succesfully
2024-02-26 10:46:55,741 [INFO ] [KycRequestProcessor.java:953] - Succesful vault response received in Class Name:KycRequestProcessor Method Name: callAadhaarDataVault
2024-02-26 10:46:55,749 [INFO ] [KycRequestProcessor.java:702] - KYC Response returned in Class Name:KYCRequestProcessor:: Txn:UKC:0080e34e-73c9-4553-9e44-4f6251e894a2SA Code:SEV24MAY2018100017Mac-ID:00-50-56-80-BF-5BStatus:YErrorCode:null
2024-02-26 11:03:56,081 [INFO ] [OtpRequestProcessor.java:306] - Get Schema Name in Class Name:OtpRequestProcessor Method Name:persisRequest AC Code:STGCEG0001--SA Code:sastgc1008--SchemaName:dept_krdh_02Txn:5486b3c0-681c-4361-9534-a4234745171c
2024-02-26 11:03:56,102 [INFO ] [OtpRequestProcessor.java:428] - OTP Request Signed Succesfully by Crypto-Service
2024-02-26 11:03:56,232 [INFO ] [OtpRequestProcessor.java:560] - OTP Response returned in Class Name:OTPRequestProcessor:: Txn:5486b3c0-681c-4361-9534-a4234745171cSA Code:sastgc1008Mac-ID:00-50-56-80-38-E7Status:yErrorCode:null
2024-02-26 11:04:16,325 [INFO ] [AuthRequestProcessor.java:347] - Schema Name in Class Name:AuthRequestProcessor Method Name:persisRequest for AC Code:STGCEG0001--SA Code:sastgc1008SchemaName:dept_krdh_02Txn:5486b3c0-681c-4361-9534-a4234745171c
2024-02-26 11:04:16,344 [INFO ] [AuthRequestProcessor.java:461] - Auth Request Signed Succesfully by Crypto-Service
2024-02-26 11:04:16,608 [INFO ] [AuthRequestProcessor.java:539] - Auth Response returned in Class Name:AuthRequestProcessor:: Txn:5486b3c0-681c-4361-9534-a4234745171cSA Code:sastgc1008Mac-ID:00-50-56-80-38-E7Status:yErrorCode:null
2024-02-26 11:14:40,035 [INFO ] [AuthRequestProcessor.java:347] - Schema Name in Class Name:AuthRequestProcessor Method Name:persisRequest for AC Code:STGCEG0001--SA Code:sastgc1014SchemaName:dept_krdh_02Txn:4cdc47b7-ca22-4030-a847-5b3bad9efb27
2024-02-26 11:14:40,069 [INFO ] [AuthRequestProcessor.java:461] - Auth Request Signed Succesfully by Crypto-Service
2024-02-26 11:14:40,296 [INFO ] [AuthRequestProcessor.java:539] - Auth Response returned in Class Name:AuthRequestProcessor:: Txn:4cdc47b7-ca22-4030-a847-5b3bad9efb27SA Code:sastgc1014Mac-ID:00-50-56-C0-00-01Status:yErrorCode:null
2024-02-26 11:14:43,713 [INFO ] [AuthRequestProcessor.java:347] - Schema Name in Class Name:AuthRequestProcessor Method Name:persisRequest for AC Code:STGCEG0001--SA Code:sastgc1014SchemaName:dept_krdh_02Txn:7711b603-345a-4aa7-9da2-17d20a5b3e5e
2024-02-26 11:14:43,728 [INFO ] [AuthRequestProcessor.java:461] - Auth Request Signed Succesfully by Crypto-Service
2024-02-26 11:14:44,022 [INFO ] [AuthRequestProcessor.java:539] - Auth Response returned in Class Name:AuthRequestProcessor:: Txn:7711b603-345a-4aa7-9da2-17d20a5b3e5eSA Code:sastgc1014Mac-ID:00-50-56-C0-00-01Status:yErrorCode:null
2024-02-26 11:15:41,130 [INFO ] [AuthRequestProcessor.java:347] - Schema Name in Class Name:AuthRequestProcessor Method Name:persisRequest for AC Code:STGCEG0001--SA Code:sastgc1008SchemaName:dept_krdh_02Txn:e43eb02e-2583-49fa-9144-d948c4aaf659
2024-02-26 11:15:41,149 [INFO ] [AuthRequestProcessor.java:461] - Auth Request Signed Succesfully by Crypto-Service
2024-02-26 11:15:41,500 [INFO ] [AuthRequestProcessor.java:539] - Auth Response returned in Class Name:AuthRequestProcessor:: Txn:e43eb02e-2583-49fa-9144-d948c4aaf659SA Code:sastgc1008Mac-ID:00-50-56-80-38-E7Status:nErrorCode:300
2024-02-26 11:17:49,732 [INFO ] [AuthRequestProcessor.java:347] - Schema Name in Class Name:AuthRequestProcessor Method Name:persisRequest for AC Code:STGCEG0001--SA Code:sastgc1008SchemaName:dept_krdh_02Txn:c8f15cf7-0e71-4d66-83a1-dce1e9fde814
2024-02-26 11:17:49,751 [INFO ] [AuthRequestProcessor.java:461] - Auth Request Signed Succesfully by Crypto-Service
2024-02-26 11:17:50,117 [INFO ] [AuthRequestProcessor.java:539] - Auth Response returned in Class Name:AuthRequestProcessor:: Txn:c8f15cf7-0e71-4d66-83a1-dce1e9fde814SA Code:sastgc1008Mac-ID:00-50-56-80-38-E7Status:nErrorCode:300
2024-02-26 11:18:16,182 [INFO ] [AuthRequestProcessor.java:347] - Schema Name in Class Name:AuthRequestProcessor Method Name:persisRequest for AC Code:STGCEG0001--SA Code:sastgc1008SchemaName:dept_krdh_02Txn:eb3978e3-eb74-4781-a4f0-3a4d80317450
2024-02-26 11:18:16,199 [INFO ] [AuthRequestProcessor.java:461] - Auth Request Signed Succesfully by Crypto-Service
2024-02-26 11:18:16,591 [INFO ] [AuthRequestProcessor.java:539] - Auth Response returned in Class Name:AuthRequestProcessor:: Txn:eb3978e3-eb74-4781-a4f0-3a4d80317450SA Code:sastgc1008Mac-ID:00-50-56-80-38-E7Status:nErrorCode:300
2024-02-26 11:18:46,227 [INFO ] [AuthRequestProcessor.java:347] - Schema Name in Class Name:AuthRequestProcessor Method Name:persisRequest for AC Code:STGCEG0001--SA Code:sastgc1008SchemaName:dept_krdh_02Txn:123250e9-bf55-4548-93a8-523cec509c96
2024-02-26 11:18:46,246 [INFO ] [AuthRequestProcessor.java:461] - Auth Request Signed Succesfully by Crypto-Service
2024-02-26 11:18:46,586 [INFO ] [AuthRequestProcessor.java:539] - Auth Response returned in Class Name:AuthRequestProcessor:: Txn:123250e9-bf55-4548-93a8-523cec509c96SA Code:sastgc1008Mac-ID:00-50-56-80-38-E7Status:yErrorCode:null
2024-02-26 11:25:44,453 [INFO ] [OtpRequestProcessor.java:306] - Get Schema Name in Class Name:OtpRequestProcessor Method Name:persisRequest AC Code:STGCEG0001--SA Code:DBT30OCT2018100020--SchemaName:dept_krdh_02Txn:b2b4d221-12d0-48d5-9aeb-a214c2524396
2024-02-26 11:25:44,471 [INFO ] [OtpRequestProcessor.java:428] - OTP Request Signed Succesfully by Crypto-Service
2024-02-26 11:25:44,592 [INFO ] [OtpRequestProcessor.java:560] - OTP Response returned in Class Name:OTPRequestProcessor:: Txn:b2b4d221-12d0-48d5-9aeb-a214c2524396SA Code:DBT30OCT2018100020Mac-ID:00-50-56-80-BF-5BStatus:yErrorCode:null
2024-02-26 11:29:51,333 [INFO ] [AuthRequestProcessor.java:347] - Schema Name in Class Name:AuthRequestProcessor Method Name:persisRequest for AC Code:STGCEG0001--SA Code:sastgc1008SchemaName:dept_krdh_02Txn:7578fa92-b29f-404c-b123-c13e9298c73b
2024-02-26 11:29:51,352 [INFO ] [AuthRequestProcessor.java:461] - Auth Request Signed Succesfully by Crypto-Service
2024-02-26 11:29:56,406 [INFO ] [AuthRequestProcessor.java:596] - Info String is Null: Txn:7578fa92-b29f-404c-b123-c13e9298c73b
2024-02-26 11:29:56,411 [INFO ] [AuthRequestProcessor.java:539] - Auth Response returned in Class Name:AuthRequestProcessor:: Txn:7578fa92-b29f-404c-b123-c13e9298c73bSA Code:sastgc1008Mac-ID:00-50-56-80-38-E7Status:nErrorCode:ASA-C-012
2024-02-26 11:31:15,947 [INFO ] [KycRequestProcessor.java:506] - Get Schema Name in Class Name:KycRequestProcessor Method Name:persisRequest for AC Code:--STGCEG0001--SA Code:sastgc1008--SchemaName:--dept_krdh_02--Txn:--UKC:cd9cf183-753e-4a23-9c5e-cf7046afd1db
2024-02-26 11:31:15,973 [INFO ] [KycRequestProcessor.java:636] - KYC Request Signed Succesfully by Crypto-Service
2024-02-26 11:31:21,050 [INFO ] [KycRequestProcessor.java:702] - KYC Response returned in Class Name:KYCRequestProcessor:: Txn:UKC:cd9cf183-753e-4a23-9c5e-cf7046afd1dbSA Code:sastgc1008Mac-ID:00-50-56-80-38-E7Status:NErrorCode:ASA-C-012
2024-02-26 11:35:00,740 [INFO ] [AuthRequestProcessor.java:347] - Schema Name in Class Name:AuthRequestProcessor Method Name:persisRequest for AC Code:STGCEG0001--SA Code:sastgc1008SchemaName:dept_krdh_02Txn:c4a0372a-da84-4bc4-8f56-110054f372a1
2024-02-26 11:35:00,758 [INFO ] [AuthRequestProcessor.java:461] - Auth Request Signed Succesfully by Crypto-Service
2024-02-26 11:35:01,025 [INFO ] [AuthRequestProcessor.java:539] - Auth Response returned in Class Name:AuthRequestProcessor:: Txn:c4a0372a-da84-4bc4-8f56-110054f372a1SA Code:sastgc1008Mac-ID:00-50-56-80-38-E7Status:nErrorCode:527
2024-02-26 11:37:19,677 [INFO ] [KycRequestProcessor.java:506] - Get Schema Name in Class Name:KycRequestProcessor Method Name:persisRequest for AC Code:--STGCEG0001--SA Code:sastgc1008--SchemaName:--dept_krdh_02--Txn:--UKC:052694a1-8c48-4bab-9fb9-6ed9bb1e72ff
2024-02-26 11:37:19,697 [INFO ] [KycRequestProcessor.java:636] - KYC Request Signed Succesfully by Crypto-Service
2024-02-26 11:37:24,769 [INFO ] [KycRequestProcessor.java:702] - KYC Response returned in Class Name:KYCRequestProcessor:: Txn:UKC:052694a1-8c48-4bab-9fb9-6ed9bb1e72ffSA Code:sastgc1008Mac-ID:00-50-56-80-38-E7Status:NErrorCode:ASA-C-012
2024-02-26 11:49:03,737 [INFO ] [AuthRequestProcessor.java:347] - Schema Name in Class Name:AuthRequestProcessor Method Name:persisRequest for AC Code:STGCEG0001--SA Code:sastgc1030SchemaName:dept_krdh_02Txn:f6f7e8d7-c8ae-4a20-a4b6-e188016e918e
2024-02-26 11:49:03,755 [INFO ] [AuthRequestProcessor.java:461] - Auth Request Signed Succesfully by Crypto-Service
2024-02-26 11:49:04,111 [INFO ] [AuthRequestProcessor.java:539] - Auth Response returned in Class Name:AuthRequestProcessor:: Txn:f6f7e8d7-c8ae-4a20-a4b6-e188016e918eSA Code:sastgc1030Mac-ID:00-50-56-80-BF-5BStatus:yErrorCode:null
2024-02-26 11:57:39,569 [INFO ] [AuthRequestProcessor.java:347] - Schema Name in Class Name:AuthRequestProcessor Method Name:persisRequest for AC Code:STGCEG0001--SA Code:sastgc1030SchemaName:dept_krdh_02Txn:7edc2d6d-102c-4e3b-89f6-ea1f6e4bd5fe
2024-02-26 11:57:39,589 [INFO ] [AuthRequestProcessor.java:461] - Auth Request Signed Succesfully by Crypto-Service
2024-02-26 11:57:39,820 [INFO ] [AuthRequestProcessor.java:539] - Auth Response returned in Class Name:AuthRequestProcessor:: Txn:7edc2d6d-102c-4e3b-89f6-ea1f6e4bd5feSA Code:sastgc1030Mac-ID:00-50-56-80-BF-5BStatus:yErrorCode:null
2024-02-26 12:31:49,580 [INFO ] [OtpRequestProcessor.java:306] - Get Schema Name in Class Name:OtpRequestProcessor Method Name:persisRequest AC Code:STGCEG0001--SA Code:DBT30OCT2018100020--SchemaName:dept_krdh_02Txn:e61356a5-7c40-499f-99e1-1fd3de5ab904
2024-02-26 12:31:49,597 [INFO ] [OtpRequestProcessor.java:428] - OTP Request Signed Succesfully by Crypto-Service
2024-02-26 12:31:49,710 [INFO ] [OtpRequestProcessor.java:560] - OTP Response returned in Class Name:OTPRequestProcessor:: Txn:e61356a5-7c40-499f-99e1-1fd3de5ab904SA Code:DBT30OCT2018100020Mac-ID:00-50-56-80-BF-5BStatus:yErrorCode:null
2024-02-26 12:33:42,561 [INFO ] [AuthRequestProcessor.java:347] - Schema Name in Class Name:AuthRequestProcessor Method Name:persisRequest for AC Code:STGCEG0001--SA Code:sastgc1014SchemaName:dept_krdh_02Txn:f2b1ddc5-7d9a-44de-8a69-a8b5d66d6973
2024-02-26 12:33:42,571 [INFO ] [AuthRequestProcessor.java:306] - Auth Client LK Expired in Class Name:AuthRequestProcessor Method Name:verifyClientLK
2024-02-26 12:33:42,576 [INFO ] [AuthRequestProcessor.java:508] - Error returned in Class Name:AuthRequestProcessor Method Name: errorResponse:: Txn:f2b1ddc5-7d9a-44de-8a69-a8b5d66d6973SA Code:sastgc1014Mac-ID:00-50-56-80-BF-5BStatus:nErrorCode:AUA-AUTH-15ErrorMessage:AUTH_CLIENT_LK_EXPIRED
2024-02-26 12:36:18,240 [INFO ] [AuthRequestProcessor.java:347] - Schema Name in Class Name:AuthRequestProcessor Method Name:persisRequest for AC Code:STGCEG0001--SA Code:sastgc1014SchemaName:dept_krdh_02Txn:1c705220-8f6b-4e26-be0f-eca6c1b54610
2024-02-26 12:36:18,244 [INFO ] [AuthRequestProcessor.java:306] - Auth Client LK Expired in Class Name:AuthRequestProcessor Method Name:verifyClientLK
2024-02-26 12:36:18,250 [INFO ] [AuthRequestProcessor.java:508] - Error returned in Class Name:AuthRequestProcessor Method Name: errorResponse:: Txn:1c705220-8f6b-4e26-be0f-eca6c1b54610SA Code:sastgc1014Mac-ID:00-50-56-80-BF-5BStatus:nErrorCode:AUA-AUTH-15ErrorMessage:AUTH_CLIENT_LK_EXPIRED
2024-02-26 12:40:37,610 [INFO ] [OtpRequestProcessor.java:306] - Get Schema Name in Class Name:OtpRequestProcessor Method Name:persisRequest AC Code:STGCEG0001--SA Code:SEV24MAY2018100017--SchemaName:dept_krdh_02Txn:bf8a132b-ba29-4a15-aeb2-69545e55566f
2024-02-26 12:40:37,629 [INFO ] [OtpRequestProcessor.java:428] - OTP Request Signed Succesfully by Crypto-Service
2024-02-26 12:40:37,756 [INFO ] [OtpRequestProcessor.java:560] - OTP Response returned in Class Name:OTPRequestProcessor:: Txn:bf8a132b-ba29-4a15-aeb2-69545e55566fSA Code:SEV24MAY2018100017Mac-ID:52-54-00-33-7E-59Status:yErrorCode:null
2024-02-26 12:41:12,595 [INFO ] [OtpRequestProcessor.java:306] - Get Schema Name in Class Name:OtpRequestProcessor Method Name:persisRequest AC Code:STGCEG0001--SA Code:SEV24MAY2018100017--SchemaName:dept_krdh_02Txn:2444803c-43f6-4af0-8805-de4c01914020
2024-02-26 12:41:12,613 [INFO ] [OtpRequestProcessor.java:428] - OTP Request Signed Succesfully by Crypto-Service
2024-02-26 12:41:12,731 [INFO ] [OtpRequestProcessor.java:560] - OTP Response returned in Class Name:OTPRequestProcessor:: Txn:2444803c-43f6-4af0-8805-de4c01914020SA Code:SEV24MAY2018100017Mac-ID:52-54-00-33-7E-59Status:yErrorCode:null
2024-02-26 12:43:13,479 [INFO ] [KycRequestProcessor.java:506] - Get Schema Name in Class Name:KycRequestProcessor Method Name:persisRequest for AC Code:--STGCEG0001--SA Code:SEV24MAY2018100017--SchemaName:--dept_krdh_02--Txn:--UKC:493e0bec-76f7-40ca-a012-4ac9ab5576cc
2024-02-26 12:43:13,497 [INFO ] [KycRequestProcessor.java:636] - KYC Request Signed Succesfully by Crypto-Service
2024-02-26 12:43:14,259 [INFO ] [KycRequestProcessor.java:869] - KYC Response decrypted succesfully
2024-02-26 12:43:14,271 [INFO ] [KycRequestProcessor.java:953] - Succesful vault response received in Class Name:KycRequestProcessor Method Name: callAadhaarDataVault
2024-02-26 12:43:14,278 [INFO ] [KycRequestProcessor.java:702] - KYC Response returned in Class Name:KYCRequestProcessor:: Txn:UKC:493e0bec-76f7-40ca-a012-4ac9ab5576ccSA Code:SEV24MAY2018100017Mac-ID:52-54-00-33-7E-59Status:YErrorCode:null
2024-02-26 12:51:55,779 [INFO ] [OtpRequestProcessor.java:306] - Get Schema Name in Class Name:OtpRequestProcessor Method Name:persisRequest AC Code:STGCEG0001--SA Code:DBT30OCT2018100020--SchemaName:dept_krdh_02Txn:b90ebc7b-d970-4882-a57b-c19193f8250d
2024-02-26 12:51:55,799 [INFO ] [OtpRequestProcessor.java:428] - OTP Request Signed Succesfully by Crypto-Service
2024-02-26 12:51:55,917 [INFO ] [OtpRequestProcessor.java:560] - OTP Response returned in Class Name:OTPRequestProcessor:: Txn:b90ebc7b-d970-4882-a57b-c19193f8250dSA Code:DBT30OCT2018100020Mac-ID:00-50-56-80-BF-5BStatus:yErrorCode:null
2024-02-26 12:53:10,773 [INFO ] [OtpRequestProcessor.java:306] - Get Schema Name in Class Name:OtpRequestProcessor Method Name:persisRequest AC Code:STGCEG0001--SA Code:SEV24MAY2018100017--SchemaName:dept_krdh_02Txn:b418ba28-a0e4-4970-807a-72f585cc8d41
2024-02-26 12:53:10,790 [INFO ] [OtpRequestProcessor.java:428] - OTP Request Signed Succesfully by Crypto-Service
2024-02-26 12:53:13,385 [INFO ] [OtpRequestProcessor.java:560] - OTP Response returned in Class Name:OTPRequestProcessor:: Txn:b418ba28-a0e4-4970-807a-72f585cc8d41SA Code:SEV24MAY2018100017Mac-ID:52-54-00-33-7E-59Status:yErrorCode:null
2024-02-26 12:53:29,523 [INFO ] [KycRequestProcessor.java:506] - Get Schema Name in Class Name:KycRequestProcessor Method Name:persisRequest for AC Code:--STGCEG0001--SA Code:SEV24MAY2018100017--SchemaName:--dept_krdh_02--Txn:--UKC:b418ba28-a0e4-4970-807a-72f585cc8d41
2024-02-26 12:53:29,542 [INFO ] [KycRequestProcessor.java:636] - KYC Request Signed Succesfully by Crypto-Service
2024-02-26 12:53:30,010 [INFO ] [KycRequestProcessor.java:869] - KYC Response decrypted succesfully
2024-02-26 12:53:30,022 [INFO ] [KycRequestProcessor.java:953] - Succesful vault response received in Class Name:KycRequestProcessor Method Name: callAadhaarDataVault
2024-02-26 12:53:30,029 [INFO ] [KycRequestProcessor.java:702] - KYC Response returned in Class Name:KYCRequestProcessor:: Txn:UKC:b418ba28-a0e4-4970-807a-72f585cc8d41SA Code:SEV24MAY2018100017Mac-ID:52-54-00-33-7E-59Status:YErrorCode:null
2024-02-26 12:54:37,515 [INFO ] [AuthRequestProcessor.java:347] - Schema Name in Class Name:AuthRequestProcessor Method Name:persisRequest for AC Code:STGCEG0001--SA Code:sastgc1030SchemaName:dept_krdh_02Txn:cc2f98a6-810a-419f-adbf-9d6222cd37dc
2024-02-26 12:54:37,532 [INFO ] [AuthRequestProcessor.java:461] - Auth Request Signed Succesfully by Crypto-Service
2024-02-26 12:54:37,792 [INFO ] [AuthRequestProcessor.java:539] - Auth Response returned in Class Name:AuthRequestProcessor:: Txn:cc2f98a6-810a-419f-adbf-9d6222cd37dcSA Code:sastgc1030Mac-ID:00-50-56-80-BF-5BStatus:yErrorCode:null
2024-02-26 12:59:19,909 [INFO ] [AuthRequestProcessor.java:347] - Schema Name in Class Name:AuthRequestProcessor Method Name:persisRequest for AC Code:STGCEG0001--SA Code:sastgc1030SchemaName:dept_krdh_02Txn:689a8f32-2c12-4139-b92b-389b6e311b6f
2024-02-26 12:59:19,927 [INFO ] [AuthRequestProcessor.java:461] - Auth Request Signed Succesfully by Crypto-Service
2024-02-26 12:59:20,158 [INFO ] [AuthRequestProcessor.java:539] - Auth Response returned in Class Name:AuthRequestProcessor:: Txn:689a8f32-2c12-4139-b92b-389b6e311b6fSA Code:sastgc1030Mac-ID:00-50-56-80-BF-5BStatus:yErrorCode:null
2024-02-26 12:59:41,011 [INFO ] [AuthRequestProcessor.java:347] - Schema Name in Class Name:AuthRequestProcessor Method Name:persisRequest for AC Code:STGCEG0001--SA Code:sastgc1030SchemaName:dept_krdh_02Txn:c1128471-cc77-42cf-9d23-388159f1364e
2024-02-26 12:59:41,029 [INFO ] [AuthRequestProcessor.java:461] - Auth Request Signed Succesfully by Crypto-Service
2024-02-26 12:59:41,310 [INFO ] [AuthRequestProcessor.java:539] - Auth Response returned in Class Name:AuthRequestProcessor:: Txn:c1128471-cc77-42cf-9d23-388159f1364eSA Code:sastgc1030Mac-ID:00-50-56-80-BF-5BStatus:yErrorCode:null
2024-02-26 13:00:29,800 [INFO ] [AuthRequestProcessor.java:347] - Schema Name in Class Name:AuthRequestProcessor Method Name:persisRequest for AC Code:STGCEG0001--SA Code:sastgc1030SchemaName:dept_krdh_02Txn:6d040e64-9196-4a5f-b4ab-aa5c218cd8fc
2024-02-26 13:00:29,817 [INFO ] [AuthRequestProcessor.java:461] - Auth Request Signed Succesfully by Crypto-Service
2024-02-26 13:00:30,058 [INFO ] [AuthRequestProcessor.java:539] - Auth Response returned in Class Name:AuthRequestProcessor:: Txn:6d040e64-9196-4a5f-b4ab-aa5c218cd8fcSA Code:sastgc1030Mac-ID:00-50-56-80-BF-5BStatus:yErrorCode:null
2024-02-26 13:01:56,078 [INFO ] [OtpRequestProcessor.java:306] - Get Schema Name in Class Name:OtpRequestProcessor Method Name:persisRequest AC Code:STGCEG0001--SA Code:SEV24MAY2018100017--SchemaName:dept_krdh_02Txn:24ba8735-438b-45e8-87c0-edd0f5dbc7f0
2024-02-26 13:01:56,096 [INFO ] [OtpRequestProcessor.java:428] - OTP Request Signed Succesfully by Crypto-Service
2024-02-26 13:01:56,222 [INFO ] [OtpRequestProcessor.java:560] - OTP Response returned in Class Name:OTPRequestProcessor:: Txn:24ba8735-438b-45e8-87c0-edd0f5dbc7f0SA Code:SEV24MAY2018100017Mac-ID:52-54-00-33-7E-59Status:yErrorCode:null
2024-02-26 13:02:04,676 [INFO ] [KycRequestProcessor.java:506] - Get Schema Name in Class Name:KycRequestProcessor Method Name:persisRequest for AC Code:--STGCEG0001--SA Code:SEV24MAY2018100017--SchemaName:--dept_krdh_02--Txn:--UKC:24ba8735-438b-45e8-87c0-edd0f5dbc7f0
2024-02-26 13:02:04,694 [INFO ] [KycRequestProcessor.java:636] - KYC Request Signed Succesfully by Crypto-Service
2024-02-26 13:02:05,582 [INFO ] [KycRequestProcessor.java:869] - KYC Response decrypted succesfully
2024-02-26 13:02:05,592 [INFO ] [KycRequestProcessor.java:953] - Succesful vault response received in Class Name:KycRequestProcessor Method Name: callAadhaarDataVault
2024-02-26 13:02:05,598 [INFO ] [KycRequestProcessor.java:702] - KYC Response returned in Class Name:KYCRequestProcessor:: Txn:UKC:24ba8735-438b-45e8-87c0-edd0f5dbc7f0SA Code:SEV24MAY2018100017Mac-ID:52-54-00-33-7E-59Status:YErrorCode:null
2024-02-26 13:08:26,399 [INFO ] [OtpRequestProcessor.java:306] - Get Schema Name in Class Name:OtpRequestProcessor Method Name:persisRequest AC Code:STGCEG0001--SA Code:SEV24MAY2018100017--SchemaName:dept_krdh_02Txn:e769795e-1461-4ad9-bb98-4f6dd0af0e49
2024-02-26 13:08:26,424 [INFO ] [OtpRequestProcessor.java:428] - OTP Request Signed Succesfully by Crypto-Service
2024-02-26 13:08:26,758 [INFO ] [OtpRequestProcessor.java:560] - OTP Response returned in Class Name:OTPRequestProcessor:: Txn:e769795e-1461-4ad9-bb98-4f6dd0af0e49SA Code:SEV24MAY2018100017Mac-ID:52-54-00-33-7E-59Status:yErrorCode:null
2024-02-26 13:20:45,003 [INFO ] [OtpRequestProcessor.java:306] - Get Schema Name in Class Name:OtpRequestProcessor Method Name:persisRequest AC Code:STGCEG0001--SA Code:SEV24MAY2018100017--SchemaName:dept_krdh_02Txn:4ec6b1fb-e577-4529-af9b-59b92a49909f
2024-02-26 13:20:45,022 [INFO ] [OtpRequestProcessor.java:428] - OTP Request Signed Succesfully by Crypto-Service
2024-02-26 13:20:45,136 [INFO ] [OtpRequestProcessor.java:560] - OTP Response returned in Class Name:OTPRequestProcessor:: Txn:4ec6b1fb-e577-4529-af9b-59b92a49909fSA Code:SEV24MAY2018100017Mac-ID:52-54-00-33-7E-59Status:yErrorCode:null
2024-02-26 13:21:14,603 [INFO ] [KycRequestProcessor.java:506] - Get Schema Name in Class Name:KycRequestProcessor Method Name:persisRequest for AC Code:--STGCEG0001--SA Code:SEV24MAY2018100017--SchemaName:--dept_krdh_02--Txn:--UKC:4ec6b1fb-e577-4529-af9b-59b92a49909f
2024-02-26 13:21:14,621 [INFO ] [KycRequestProcessor.java:636] - KYC Request Signed Succesfully by Crypto-Service
2024-02-26 13:21:15,394 [INFO ] [KycRequestProcessor.java:869] - KYC Response decrypted succesfully
2024-02-26 13:21:15,406 [INFO ] [KycRequestProcessor.java:953] - Succesful vault response received in Class Name:KycRequestProcessor Method Name: callAadhaarDataVault
2024-02-26 13:21:15,411 [INFO ] [KycRequestProcessor.java:702] - KYC Response returned in Class Name:KYCRequestProcessor:: Txn:UKC:4ec6b1fb-e577-4529-af9b-59b92a49909fSA Code:SEV24MAY2018100017Mac-ID:52-54-00-33-7E-59Status:YErrorCode:null
2024-02-26 14:23:25,995 [INFO ] [OtpRequestProcessor.java:306] - Get Schema Name in Class Name:OtpRequestProcessor Method Name:persisRequest AC Code:STGCEG0001--SA Code:DBT30OCT2018100020--SchemaName:dept_krdh_02Txn:77bed8e1-cf1d-4346-8a12-718796e8794c
2024-02-26 14:23:26,014 [INFO ] [OtpRequestProcessor.java:428] - OTP Request Signed Succesfully by Crypto-Service
2024-02-26 14:23:26,342 [INFO ] [OtpRequestProcessor.java:560] - OTP Response returned in Class Name:OTPRequestProcessor:: Txn:77bed8e1-cf1d-4346-8a12-718796e8794cSA Code:DBT30OCT2018100020Mac-ID:00-50-56-80-BF-5BStatus:yErrorCode:null
2024-02-26 14:24:32,367 [INFO ] [OtpRequestProcessor.java:306] - Get Schema Name in Class Name:OtpRequestProcessor Method Name:persisRequest AC Code:STGCEG0001--SA Code:DBT30OCT2018100020--SchemaName:dept_krdh_02Txn:c1501333-17f1-46f3-a03f-23ad865beb1c
2024-02-26 14:24:32,385 [INFO ] [OtpRequestProcessor.java:428] - OTP Request Signed Succesfully by Crypto-Service
2024-02-26 14:24:32,517 [INFO ] [OtpRequestProcessor.java:560] - OTP Response returned in Class Name:OTPRequestProcessor:: Txn:c1501333-17f1-46f3-a03f-23ad865beb1cSA Code:DBT30OCT2018100020Mac-ID:00-50-56-80-BF-5BStatus:yErrorCode:null
2024-02-26 15:06:04,790 [INFO ] [AuthRequestProcessor.java:347] - Schema Name in Class Name:AuthRequestProcessor Method Name:persisRequest for AC Code:STGCEG0001--SA Code:sastgc1030SchemaName:dept_krdh_02Txn:9798133a-9f78-4ffb-bebb-e541e13737cb
2024-02-26 15:06:05,073 [INFO ] [AuthRequestProcessor.java:461] - Auth Request Signed Succesfully by Crypto-Service
2024-02-26 15:06:05,763 [INFO ] [AuthRequestProcessor.java:539] - Auth Response returned in Class Name:AuthRequestProcessor:: Txn:9798133a-9f78-4ffb-bebb-e541e13737cbSA Code:sastgc1030Mac-ID:00-50-56-80-BF-5BStatus:yErrorCode:null
2024-02-26 15:21:57,239 [INFO ] [AuthRequestProcessor.java:347] - Schema Name in Class Name:AuthRequestProcessor Method Name:persisRequest for AC Code:STGCEG0001--SA Code:sastgc1030SchemaName:dept_krdh_02Txn:74121e43-2af8-4440-ba88-0a8c8f8af8f2
2024-02-26 15:21:57,257 [INFO ] [AuthRequestProcessor.java:461] - Auth Request Signed Succesfully by Crypto-Service
2024-02-26 15:21:57,492 [INFO ] [AuthRequestProcessor.java:539] - Auth Response returned in Class Name:AuthRequestProcessor:: Txn:74121e43-2af8-4440-ba88-0a8c8f8af8f2SA Code:sastgc1030Mac-ID:00-50-56-80-BF-5BStatus:yErrorCode:null
2024-02-26 15:21:57,951 [INFO ] [AuthRequestProcessor.java:347] - Schema Name in Class Name:AuthRequestProcessor Method Name:persisRequest for AC Code:STGCEG0001--SA Code:sastgc1030SchemaName:dept_krdh_02Txn:829fcbb6-4a4c-4d4c-808f-3219e0cdd102
2024-02-26 15:21:57,966 [INFO ] [AuthRequestProcessor.java:461] - Auth Request Signed Succesfully by Crypto-Service
2024-02-26 15:21:58,154 [INFO ] [AuthRequestProcessor.java:539] - Auth Response returned in Class Name:AuthRequestProcessor:: Txn:829fcbb6-4a4c-4d4c-808f-3219e0cdd102SA Code:sastgc1030Mac-ID:00-50-56-80-BF-5BStatus:yErrorCode:null
2024-02-26 15:39:29,457 [INFO ] [AuthRequestProcessor.java:347] - Schema Name in Class Name:AuthRequestProcessor Method Name:persisRequest for AC Code:STGCEG0001--SA Code:sastgc1030SchemaName:dept_krdh_02Txn:70b5d2a1-bc66-43b0-a75c-2d4c7807e1cc
2024-02-26 15:39:29,476 [INFO ] [AuthRequestProcessor.java:461] - Auth Request Signed Succesfully by Crypto-Service
2024-02-26 15:39:29,699 [INFO ] [AuthRequestProcessor.java:539] - Auth Response returned in Class Name:AuthRequestProcessor:: Txn:70b5d2a1-bc66-43b0-a75c-2d4c7807e1ccSA Code:sastgc1030Mac-ID:00-50-56-80-BF-5BStatus:yErrorCode:null
2024-02-26 15:39:50,735 [INFO ] [AuthRequestProcessor.java:347] - Schema Name in Class Name:AuthRequestProcessor Method Name:persisRequest for AC Code:STGCEG0001--SA Code:sastgc1030SchemaName:dept_krdh_02Txn:d4157580-bbd6-4f8c-b3b3-fb3f4e8ec1d0
2024-02-26 15:39:50,752 [INFO ] [AuthRequestProcessor.java:461] - Auth Request Signed Succesfully by Crypto-Service
2024-02-26 15:39:50,995 [INFO ] [AuthRequestProcessor.java:539] - Auth Response returned in Class Name:AuthRequestProcessor:: Txn:d4157580-bbd6-4f8c-b3b3-fb3f4e8ec1d0SA Code:sastgc1030Mac-ID:00-50-56-80-BF-5BStatus:yErrorCode:null
2024-02-26 15:40:33,733 [INFO ] [AuthRequestProcessor.java:347] - Schema Name in Class Name:AuthRequestProcessor Method Name:persisRequest for AC Code:STGCEG0001--SA Code:sastgc1030SchemaName:dept_krdh_02Txn:b895e14d-1c8b-4641-b5bd-e4159b8faae3
2024-02-26 15:40:33,750 [INFO ] [AuthRequestProcessor.java:461] - Auth Request Signed Succesfully by Crypto-Service
2024-02-26 15:40:33,997 [INFO ] [AuthRequestProcessor.java:539] - Auth Response returned in Class Name:AuthRequestProcessor:: Txn:b895e14d-1c8b-4641-b5bd-e4159b8faae3SA Code:sastgc1030Mac-ID:00-50-56-80-BF-5BStatus:yErrorCode:null
2024-02-26 15:47:54,866 [INFO ] [AuthRequestProcessor.java:347] - Schema Name in Class Name:AuthRequestProcessor Method Name:persisRequest for AC Code:STGCEG0001--SA Code:sastgc1030SchemaName:dept_krdh_02Txn:0571b17a-3e1a-4595-ad85-301427e41620
2024-02-26 15:47:54,884 [INFO ] [AuthRequestProcessor.java:461] - Auth Request Signed Succesfully by Crypto-Service
2024-02-26 15:47:55,770 [INFO ] [AuthRequestProcessor.java:539] - Auth Response returned in Class Name:AuthRequestProcessor:: Txn:0571b17a-3e1a-4595-ad85-301427e41620SA Code:sastgc1030Mac-ID:00-50-56-80-BF-5BStatus:yErrorCode:null
2024-02-26 15:57:32,279 [INFO ] [AuthRequestProcessor.java:347] - Schema Name in Class Name:AuthRequestProcessor Method Name:persisRequest for AC Code:STGCEG0001--SA Code:sastgc1030SchemaName:dept_krdh_02Txn:0347265a-4cbe-4c39-96b3-223198df8f6f
2024-02-26 15:57:32,295 [INFO ] [AuthRequestProcessor.java:461] - Auth Request Signed Succesfully by Crypto-Service
2024-02-26 15:57:32,527 [INFO ] [AuthRequestProcessor.java:539] - Auth Response returned in Class Name:AuthRequestProcessor:: Txn:0347265a-4cbe-4c39-96b3-223198df8f6fSA Code:sastgc1030Mac-ID:00-50-56-80-BF-5BStatus:yErrorCode:null
2024-02-26 15:58:42,048 [INFO ] [AuthRequestProcessor.java:347] - Schema Name in Class Name:AuthRequestProcessor Method Name:persisRequest for AC Code:STGCEG0001--SA Code:sastgc1030SchemaName:dept_krdh_02Txn:621fc5cc-bec5-473e-80be-6172430ced61
2024-02-26 15:58:42,067 [INFO ] [AuthRequestProcessor.java:461] - Auth Request Signed Succesfully by Crypto-Service
2024-02-26 15:58:42,296 [INFO ] [AuthRequestProcessor.java:539] - Auth Response returned in Class Name:AuthRequestProcessor:: Txn:621fc5cc-bec5-473e-80be-6172430ced61SA Code:sastgc1030Mac-ID:00-50-56-80-BF-5BStatus:yErrorCode:null
2024-02-26 16:01:55,625 [INFO ] [AuthRequestProcessor.java:347] - Schema Name in Class Name:AuthRequestProcessor Method Name:persisRequest for AC Code:STGCEG0001--SA Code:sastgc1030SchemaName:dept_krdh_02Txn:9307d911-ab18-4bbf-81fe-cf0f1c4a4d9f
2024-02-26 16:01:55,643 [INFO ] [AuthRequestProcessor.java:461] - Auth Request Signed Succesfully by Crypto-Service
2024-02-26 16:01:56,198 [INFO ] [AuthRequestProcessor.java:539] - Auth Response returned in Class Name:AuthRequestProcessor:: Txn:9307d911-ab18-4bbf-81fe-cf0f1c4a4d9fSA Code:sastgc1030Mac-ID:00-50-56-80-BF-5BStatus:nErrorCode:100
2024-02-26 16:02:10,218 [INFO ] [OtpRequestProcessor.java:306] - Get Schema Name in Class Name:OtpRequestProcessor Method Name:persisRequest AC Code:STGCEG0001--SA Code:DBT30OCT2018100020--SchemaName:dept_krdh_02Txn:9b5ab9be-4719-4914-90bf-6275487bc596
2024-02-26 16:02:10,235 [INFO ] [OtpRequestProcessor.java:428] - OTP Request Signed Succesfully by Crypto-Service
2024-02-26 16:02:12,922 [INFO ] [OtpRequestProcessor.java:560] - OTP Response returned in Class Name:OTPRequestProcessor:: Txn:9b5ab9be-4719-4914-90bf-6275487bc596SA Code:DBT30OCT2018100020Mac-ID:00-50-56-80-BF-5BStatus:yErrorCode:null
2024-02-26 16:02:42,313 [INFO ] [KycRequestProcessor.java:506] - Get Schema Name in Class Name:KycRequestProcessor Method Name:persisRequest for AC Code:--STGCEG0001--SA Code:DBT30OCT2018100020--SchemaName:--dept_krdh_02--Txn:--UKC:9b5ab9be-4719-4914-90bf-6275487bc596
2024-02-26 16:02:42,332 [INFO ] [KycRequestProcessor.java:636] - KYC Request Signed Succesfully by Crypto-Service
2024-02-26 16:02:44,294 [INFO ] [KycRequestProcessor.java:869] - KYC Response decrypted succesfully
2024-02-26 16:02:44,431 [INFO ] [KycRequestProcessor.java:953] - Succesful vault response received in Class Name:KycRequestProcessor Method Name: callAadhaarDataVault
2024-02-26 16:02:44,438 [INFO ] [KycRequestProcessor.java:702] - KYC Response returned in Class Name:KYCRequestProcessor:: Txn:UKC:9b5ab9be-4719-4914-90bf-6275487bc596SA Code:DBT30OCT2018100020Mac-ID:00-50-56-80-BF-5BStatus:YErrorCode:null
2024-02-26 16:02:48,661 [INFO ] [AuthRequestProcessor.java:347] - Schema Name in Class Name:AuthRequestProcessor Method Name:persisRequest for AC Code:STGCEG0001--SA Code:sastgc1030SchemaName:dept_krdh_02Txn:2acc5ebc-0d87-4aa4-9a73-aaa606c4d100
2024-02-26 16:02:48,676 [INFO ] [AuthRequestProcessor.java:461] - Auth Request Signed Succesfully by Crypto-Service
2024-02-26 16:02:48,901 [INFO ] [AuthRequestProcessor.java:539] - Auth Response returned in Class Name:AuthRequestProcessor:: Txn:2acc5ebc-0d87-4aa4-9a73-aaa606c4d100SA Code:sastgc1030Mac-ID:00-50-56-80-BF-5BStatus:yErrorCode:null
2024-02-26 16:04:33,825 [INFO ] [OtpRequestProcessor.java:306] - Get Schema Name in Class Name:OtpRequestProcessor Method Name:persisRequest AC Code:STGCEG0001--SA Code:SEV24MAY2018100017--SchemaName:dept_krdh_02Txn:ba5e1659-7b0e-46a7-9503-04fa04fe7cae
2024-02-26 16:04:33,845 [INFO ] [OtpRequestProcessor.java:428] - OTP Request Signed Succesfully by Crypto-Service
2024-02-26 16:04:33,986 [INFO ] [OtpRequestProcessor.java:560] - OTP Response returned in Class Name:OTPRequestProcessor:: Txn:ba5e1659-7b0e-46a7-9503-04fa04fe7caeSA Code:SEV24MAY2018100017Mac-ID:52-54-00-33-7E-59Status:yErrorCode:null
2024-02-26 16:07:18,286 [INFO ] [OtpRequestProcessor.java:306] - Get Schema Name in Class Name:OtpRequestProcessor Method Name:persisRequest AC Code:STGCEG0001--SA Code:SEV24MAY2018100017--SchemaName:dept_krdh_02Txn:5a99ca7d-51f9-448c-ab94-e9b3c7e7fd18
2024-02-26 16:07:18,304 [INFO ] [OtpRequestProcessor.java:428] - OTP Request Signed Succesfully by Crypto-Service
2024-02-26 16:07:18,480 [INFO ] [OtpRequestProcessor.java:560] - OTP Response returned in Class Name:OTPRequestProcessor:: Txn:5a99ca7d-51f9-448c-ab94-e9b3c7e7fd18SA Code:SEV24MAY2018100017Mac-ID:52-54-00-33-7E-59Status:yErrorCode:null
2024-02-26 16:07:43,349 [INFO ] [KycRequestProcessor.java:506] - Get Schema Name in Class Name:KycRequestProcessor Method Name:persisRequest for AC Code:--STGCEG0001--SA Code:SEV24MAY2018100017--SchemaName:--dept_krdh_02--Txn:--UKC:5a99ca7d-51f9-448c-ab94-e9b3c7e7fd18
2024-02-26 16:07:43,367 [INFO ] [KycRequestProcessor.java:636] - KYC Request Signed Succesfully by Crypto-Service
2024-02-26 16:07:44,043 [INFO ] [KycRequestProcessor.java:869] - KYC Response decrypted succesfully
2024-02-26 16:07:44,053 [INFO ] [KycRequestProcessor.java:953] - Succesful vault response received in Class Name:KycRequestProcessor Method Name: callAadhaarDataVault
2024-02-26 16:07:44,058 [INFO ] [KycRequestProcessor.java:702] - KYC Response returned in Class Name:KYCRequestProcessor:: Txn:UKC:5a99ca7d-51f9-448c-ab94-e9b3c7e7fd18SA Code:SEV24MAY2018100017Mac-ID:52-54-00-33-7E-59Status:YErrorCode:null
2024-02-26 16:21:25,567 [INFO ] [OtpRequestProcessor.java:306] - Get Schema Name in Class Name:OtpRequestProcessor Method Name:persisRequest AC Code:STGCEG0001--SA Code:SEV24MAY2018100017--SchemaName:dept_krdh_02Txn:6465be96-2a73-4dda-9fd8-e0276374f60b
2024-02-26 16:21:25,586 [INFO ] [OtpRequestProcessor.java:428] - OTP Request Signed Succesfully by Crypto-Service
2024-02-26 16:21:25,712 [INFO ] [OtpRequestProcessor.java:560] - OTP Response returned in Class Name:OTPRequestProcessor:: Txn:6465be96-2a73-4dda-9fd8-e0276374f60bSA Code:SEV24MAY2018100017Mac-ID:52-54-00-33-7E-59Status:yErrorCode:null
2024-02-26 17:02:04,245 [INFO ] [AuthRequestProcessor.java:347] - Schema Name in Class Name:AuthRequestProcessor Method Name:persisRequest for AC Code:STGCEG0001--SA Code:sastgc1030SchemaName:dept_krdh_02Txn:f177b472-bcc2-456b-abe7-812067fb6fad
2024-02-26 17:02:04,264 [INFO ] [AuthRequestProcessor.java:461] - Auth Request Signed Succesfully by Crypto-Service
2024-02-26 17:02:04,506 [INFO ] [AuthRequestProcessor.java:539] - Auth Response returned in Class Name:AuthRequestProcessor:: Txn:f177b472-bcc2-456b-abe7-812067fb6fadSA Code:sastgc1030Mac-ID:00-50-56-80-BF-5BStatus:yErrorCode:null
2024-02-26 17:28:00,948 [INFO ] [AuthRequestProcessor.java:347] - Schema Name in Class Name:AuthRequestProcessor Method Name:persisRequest for AC Code:STGCEG0001--SA Code:sastgc1030SchemaName:dept_krdh_02Txn:5034961f-ec05-4e20-81fa-d01866a457a9
2024-02-26 17:28:00,969 [INFO ] [AuthRequestProcessor.java:461] - Auth Request Signed Succesfully by Crypto-Service
2024-02-26 17:28:01,211 [INFO ] [AuthRequestProcessor.java:539] - Auth Response returned in Class Name:AuthRequestProcessor:: Txn:5034961f-ec05-4e20-81fa-d01866a457a9SA Code:sastgc1030Mac-ID:00-50-56-80-BF-5BStatus:yErrorCode:null
2024-02-26 17:40:04,808 [INFO ] [AuthRequestProcessor.java:347] - Schema Name in Class Name:AuthRequestProcessor Method Name:persisRequest for AC Code:STGCEG0001--SA Code:sastgc1030SchemaName:dept_krdh_02Txn:b1bcf9e0-bd26-41e5-a323-d8278fa8bc0c
2024-02-26 17:40:04,828 [INFO ] [AuthRequestProcessor.java:461] - Auth Request Signed Succesfully by Crypto-Service
2024-02-26 17:40:05,068 [INFO ] [AuthRequestProcessor.java:539] - Auth Response returned in Class Name:AuthRequestProcessor:: Txn:b1bcf9e0-bd26-41e5-a323-d8278fa8bc0cSA Code:sastgc1030Mac-ID:00-50-56-80-BF-5BStatus:yErrorCode:null
2024-02-26 17:45:25,575 [INFO ] [OtpRequestProcessor.java:306] - Get Schema Name in Class Name:OtpRequestProcessor Method Name:persisRequest AC Code:STGCEG0001--SA Code:DBT30OCT2018100020--SchemaName:dept_krdh_02Txn:535872e4-253d-46af-a840-e6f770ac3165
2024-02-26 17:45:25,594 [INFO ] [OtpRequestProcessor.java:428] - OTP Request Signed Succesfully by Crypto-Service
2024-02-26 17:45:25,720 [INFO ] [OtpRequestProcessor.java:560] - OTP Response returned in Class Name:OTPRequestProcessor:: Txn:535872e4-253d-46af-a840-e6f770ac3165SA Code:DBT30OCT2018100020Mac-ID:00-50-56-80-BF-5BStatus:yErrorCode:null
2024-02-26 17:45:53,076 [INFO ] [KycRequestProcessor.java:506] - Get Schema Name in Class Name:KycRequestProcessor Method Name:persisRequest for AC Code:--STGCEG0001--SA Code:DBT30OCT2018100020--SchemaName:--dept_krdh_02--Txn:--UKC:535872e4-253d-46af-a840-e6f770ac3165
2024-02-26 17:45:53,093 [INFO ] [KycRequestProcessor.java:636] - KYC Request Signed Succesfully by Crypto-Service
2024-02-26 17:45:53,808 [INFO ] [KycRequestProcessor.java:869] - KYC Response decrypted succesfully
2024-02-26 17:45:53,820 [INFO ] [KycRequestProcessor.java:953] - Succesful vault response received in Class Name:KycRequestProcessor Method Name: callAadhaarDataVault
2024-02-26 17:45:53,826 [INFO ] [KycRequestProcessor.java:702] - KYC Response returned in Class Name:KYCRequestProcessor:: Txn:UKC:535872e4-253d-46af-a840-e6f770ac3165SA Code:DBT30OCT2018100020Mac-ID:00-50-56-80-BF-5BStatus:YErrorCode:null
2024-02-26 17:47:47,188 [INFO ] [AuthRequestProcessor.java:347] - Schema Name in Class Name:AuthRequestProcessor Method Name:persisRequest for AC Code:STGCEG0001--SA Code:sastgc1030SchemaName:dept_krdh_02Txn:3551ed0c-f704-4af1-9e4f-bc6bf8603a51
2024-02-26 17:47:47,205 [INFO ] [AuthRequestProcessor.java:461] - Auth Request Signed Succesfully by Crypto-Service
2024-02-26 17:47:47,446 [INFO ] [AuthRequestProcessor.java:539] - Auth Response returned in Class Name:AuthRequestProcessor:: Txn:3551ed0c-f704-4af1-9e4f-bc6bf8603a51SA Code:sastgc1030Mac-ID:00-50-56-80-BF-5BStatus:yErrorCode:null
2024-02-26 17:50:14,240 [INFO ] [AuthRequestProcessor.java:347] - Schema Name in Class Name:AuthRequestProcessor Method Name:persisRequest for AC Code:STGCEG0001--SA Code:sastgc1030SchemaName:dept_krdh_02Txn:62a0e23c-41a2-463c-a424-5f58828ea2ed
2024-02-26 17:50:14,501 [INFO ] [AuthRequestProcessor.java:461] - Auth Request Signed Succesfully by Crypto-Service
2024-02-26 17:50:14,732 [INFO ] [AuthRequestProcessor.java:539] - Auth Response returned in Class Name:AuthRequestProcessor:: Txn:62a0e23c-41a2-463c-a424-5f58828ea2edSA Code:sastgc1030Mac-ID:00-50-56-80-BF-5BStatus:yErrorCode:null
2024-02-26 18:28:39,383 [INFO ] [AuthRequestProcessor.java:347] - Schema Name in Class Name:AuthRequestProcessor Method Name:persisRequest for AC Code:STGCEG0001--SA Code:sastgc1030SchemaName:dept_krdh_02Txn:a1bab5cb-a183-4786-b18c-40bf422fbd8b
2024-02-26 18:28:39,401 [INFO ] [AuthRequestProcessor.java:461] - Auth Request Signed Succesfully by Crypto-Service
2024-02-26 18:28:39,641 [INFO ] [AuthRequestProcessor.java:539] - Auth Response returned in Class Name:AuthRequestProcessor:: Txn:a1bab5cb-a183-4786-b18c-40bf422fbd8bSA Code:sastgc1030Mac-ID:00-50-56-80-BF-5BStatus:yErrorCode:null
2024-02-26 18:28:55,484 [INFO ] [AuthRequestProcessor.java:347] - Schema Name in Class Name:AuthRequestProcessor Method Name:persisRequest for AC Code:STGCEG0001--SA Code:sastgc1030SchemaName:dept_krdh_02Txn:53544522-f8b0-41a8-b992-9267e26377df
2024-02-26 18:28:55,502 [INFO ] [AuthRequestProcessor.java:461] - Auth Request Signed Succesfully by Crypto-Service
2024-02-26 18:28:55,704 [INFO ] [AuthRequestProcessor.java:539] - Auth Response returned in Class Name:AuthRequestProcessor:: Txn:53544522-f8b0-41a8-b992-9267e26377dfSA Code:sastgc1030Mac-ID:00-50-56-80-BF-5BStatus:yErrorCode:null
2024-02-26 18:38:30,715 [INFO ] [AuthRequestProcessor.java:347] - Schema Name in Class Name:AuthRequestProcessor Method Name:persisRequest for AC Code:STGCEG0001--SA Code:sastgc1030SchemaName:dept_krdh_02Txn:661a3acb-4e4a-494c-958c-0a9845890d65
2024-02-26 18:38:30,733 [INFO ] [AuthRequestProcessor.java:461] - Auth Request Signed Succesfully by Crypto-Service
2024-02-26 18:38:30,968 [INFO ] [AuthRequestProcessor.java:539] - Auth Response returned in Class Name:AuthRequestProcessor:: Txn:661a3acb-4e4a-494c-958c-0a9845890d65SA Code:sastgc1030Mac-ID:00-50-56-80-BF-5BStatus:yErrorCode:null
2024-02-26 18:39:08,114 [INFO ] [AuthRequestProcessor.java:347] - Schema Name in Class Name:AuthRequestProcessor Method Name:persisRequest for AC Code:STGCEG0001--SA Code:sastgc1030SchemaName:dept_krdh_02Txn:4ea14e11-63d1-4537-96d8-1cece8d2d2a8
2024-02-26 18:39:08,131 [INFO ] [AuthRequestProcessor.java:461] - Auth Request Signed Succesfully by Crypto-Service
2024-02-26 18:39:08,365 [INFO ] [AuthRequestProcessor.java:539] - Auth Response returned in Class Name:AuthRequestProcessor:: Txn:4ea14e11-63d1-4537-96d8-1cece8d2d2a8SA Code:sastgc1030Mac-ID:00-50-56-80-BF-5BStatus:yErrorCode:null
2024-02-26 18:39:19,799 [INFO ] [AuthRequestProcessor.java:347] - Schema Name in Class Name:AuthRequestProcessor Method Name:persisRequest for AC Code:STGCEG0001--SA Code:sastgc1030SchemaName:dept_krdh_02Txn:32ec4ef6-b01f-48d3-825c-74bbacdfe269
2024-02-26 18:39:19,817 [INFO ] [AuthRequestProcessor.java:461] - Auth Request Signed Succesfully by Crypto-Service
2024-02-26 18:39:20,018 [INFO ] [AuthRequestProcessor.java:539] - Auth Response returned in Class Name:AuthRequestProcessor:: Txn:32ec4ef6-b01f-48d3-825c-74bbacdfe269SA Code:sastgc1030Mac-ID:00-50-56-80-BF-5BStatus:yErrorCode:null
2024-02-26 21:09:55,751 [INFO ] [OtpRequestProcessor.java:306] - Get Schema Name in Class Name:OtpRequestProcessor Method Name:persisRequest AC Code:STGCEG0001--SA Code:DBT30OCT2018100020--SchemaName:dept_krdh_02Txn:e2303ffa-6bce-4d9d-ac0e-42c6cad69219
2024-02-26 21:09:55,773 [INFO ] [OtpRequestProcessor.java:428] - OTP Request Signed Succesfully by Crypto-Service
2024-02-26 21:09:56,302 [INFO ] [OtpRequestProcessor.java:560] - OTP Response returned in Class Name:OTPRequestProcessor:: Txn:e2303ffa-6bce-4d9d-ac0e-42c6cad69219SA Code:DBT30OCT2018100020Mac-ID:00-50-56-80-BF-5BStatus:yErrorCode:null
2024-02-26 21:10:13,402 [INFO ] [KycRequestProcessor.java:506] - Get Schema Name in Class Name:KycRequestProcessor Method Name:persisRequest for AC Code:--STGCEG0001--SA Code:DBT30OCT2018100020--SchemaName:--dept_krdh_02--Txn:--UKC:e2303ffa-6bce-4d9d-ac0e-42c6cad69219
2024-02-26 21:10:13,420 [INFO ] [KycRequestProcessor.java:636] - KYC Request Signed Succesfully by Crypto-Service
2024-02-26 21:10:14,170 [INFO ] [KycRequestProcessor.java:869] - KYC Response decrypted succesfully
2024-02-26 21:10:14,436 [INFO ] [KycRequestProcessor.java:953] - Succesful vault response received in Class Name:KycRequestProcessor Method Name: callAadhaarDataVault
2024-02-26 21:10:14,442 [INFO ] [KycRequestProcessor.java:702] - KYC Response returned in Class Name:KYCRequestProcessor:: Txn:UKC:e2303ffa-6bce-4d9d-ac0e-42c6cad69219SA Code:DBT30OCT2018100020Mac-ID:00-50-56-80-BF-5BStatus:YErrorCode:null
